0 info it worked if it ends with ok
1 verbose cli [ '/usr/bin/node', '/usr/bin/npm', 'install' ]
2 info using npm@2.11.2
3 info using node@v0.12.5
4 verbose node symlink /usr/bin/node
5 verbose readDependencies loading dependencies from /home/ayrokid/nodejs/redis/package.json
6 error install Couldn't read dependencies
7 verbose stack Error: Invalid name: "Redis Apps"
7 verbose stack     at ensureValidName (/usr/lib/node_modules/npm/node_modules/normalize-package-data/lib/fixer.js:326:15)
7 verbose stack     at Object.module.exports.fixNameField (/usr/lib/node_modules/npm/node_modules/normalize-package-data/lib/fixer.js:209:5)
7 verbose stack     at /usr/lib/node_modules/npm/node_modules/normalize-package-data/lib/normalize.js:32:38
7 verbose stack     at Array.forEach (native)
7 verbose stack     at normalize (/usr/lib/node_modules/npm/node_modules/normalize-package-data/lib/normalize.js:31:15)
7 verbose stack     at final (/usr/lib/node_modules/npm/node_modules/read-package-json/read-json.js:338:5)
7 verbose stack     at then (/usr/lib/node_modules/npm/node_modules/read-package-json/read-json.js:113:5)
7 verbose stack     at /usr/lib/node_modules/npm/node_modules/read-package-json/read-json.js:284:20
7 verbose stack     at evalmachine.<anonymous>:263:20
7 verbose stack     at OpenReq.Req.done (/usr/lib/node_modules/npm/node_modules/graceful-fs/graceful-fs.js:141:5)
8 verbose cwd /home/ayrokid/nodejs/redis
9 error Linux 3.16.0-41-generic
10 error argv "/usr/bin/node" "/usr/bin/npm" "install"
11 error node v0.12.5
12 error npm  v2.11.2
13 error Invalid name: "Redis Apps"
14 error If you need help, you may report this error at:
14 error     <https://github.com/npm/npm/issues>
15 verbose exit [ 1, true ]
